2023-06-10T13:51:36.1509797+02:00  [INF] User profile is available. Using '"C:\Users\hugo\AppData\Local\ASP.NET\DataProtection-Keys"' as key repository and Windows DPAPI to encrypt keys at rest. (7ac5e29c)
2023-06-10T13:51:36.3504404+02:00  [INF] Now listening on: "https://localhost:7279" (d826f4b8)
2023-06-10T13:51:36.3509480+02:00  [INF] Now listening on: "http://localhost:5077" (d826f4b8)
2023-06-10T13:51:36.3574604+02:00  [INF] Application started. Press Ctrl+C to shut down. (dcaefe54)
2023-06-10T13:51:36.3581092+02:00  [INF] Hosting environment: "Development" (c3307c92)
2023-06-10T13:51:36.3581681+02:00  [INF] Content root path: "C:\Users\hugo\Desktop\PlaySoft\" (b5d60022)
2023-06-10T13:51:43.8805431+02:00 0HMR9L47S7G2C:00000001 [INF] Request starting HTTP/2 GET https://localhost:7279/ - - (ca22a1cb)
2023-06-10T13:51:43.9849936+02:00 0HMR9L47S7G2C:00000001 [INF] Request finished HTTP/2 GET https://localhost:7279/ - - - 404 0 - 108.1406ms (791a596a)
2023-06-10T13:51:48.3784942+02:00 0HMR9L47S7G2C:00000003 [INF] Request starting HTTP/2 GET https://localhost:7279/swagger/index.html - - (ca22a1cb)
2023-06-10T13:51:48.5378341+02:00 0HMR9L47S7G2C:00000003 [INF] Request finished HTTP/2 GET https://localhost:7279/swagger/index.html - - - 200 - text/html;charset=utf-8 159.4046ms (791a596a)
2023-06-10T13:51:48.5499549+02:00 0HMR9L47S7G2C:00000005 [INF] Request starting HTTP/2 GET https://localhost:7279/swagger/swagger-ui.css - - (ca22a1cb)
2023-06-10T13:51:48.5500583+02:00 0HMR9L47S7G2C:00000009 [INF] Request starting HTTP/2 GET https://localhost:7279/swagger/swagger-ui-standalone-preset.js - - (ca22a1cb)
2023-06-10T13:51:48.5500597+02:00 0HMR9L47S7G2C:00000007 [INF] Request starting HTTP/2 GET https://localhost:7279/swagger/swagger-ui-bundle.js - - (ca22a1cb)
2023-06-10T13:51:48.5776367+02:00 0HMR9L47S7G2C:00000009 [INF] Sending file. Request path: '"/swagger-ui-standalone-preset.js"'. Physical path: '"N/A"' (27b0a520)
2023-06-10T13:51:48.5776358+02:00 0HMR9L47S7G2C:00000005 [INF] Sending file. Request path: '"/swagger-ui.css"'. Physical path: '"N/A"' (27b0a520)
2023-06-10T13:51:48.5794483+02:00 0HMR9L47S7G2C:00000009 [INF] Request finished HTTP/2 GET https://localhost:7279/swagger/swagger-ui-standalone-preset.js - - - 200 337162 application/javascript 29.3370ms (791a596a)
2023-06-10T13:51:48.5794222+02:00 0HMR9L47S7G2C:00000005 [INF] Request finished HTTP/2 GET https://localhost:7279/swagger/swagger-ui.css - - - 200 143632 text/css 29.4467ms (791a596a)
2023-06-10T13:51:48.5913947+02:00 0HMR9L47S7G2C:00000007 [INF] Sending file. Request path: '"/swagger-ui-bundle.js"'. Physical path: '"N/A"' (27b0a520)
2023-06-10T13:51:48.5915546+02:00 0HMR9L47S7G2C:00000007 [INF] Request finished HTTP/2 GET https://localhost:7279/swagger/swagger-ui-bundle.js - - - 200 1092889 application/javascript 41.4807ms (791a596a)
2023-06-10T13:51:48.7869175+02:00 0HMR9L47S7G2C:0000000B [INF] Request starting HTTP/2 GET https://localhost:7279/swagger/v1/swagger.json - - (ca22a1cb)
2023-06-10T13:51:48.8656248+02:00 0HMR9L47S7G2C:0000000B [INF] Request finished HTTP/2 GET https://localhost:7279/swagger/v1/swagger.json - - - 200 - application/json;charset=utf-8 78.6727ms (791a596a)
2023-06-10T14:07:28.2248052+02:00 0HMR9L47S7G2E:00000001 [INF] Request starting HTTP/2 POST https://localhost:7279/Song/create-with-artist-album application/json 443 (ca22a1cb)
2023-06-10T14:07:28.2300896+02:00 0HMR9L47S7G2E:00000001 [INF] CORS policy execution successful. (5409d6ef)
2023-06-10T14:07:28.2446985+02:00 0HMR9L47S7G2E:00000001 [INF] Authorization failed. "These requirements were not met:
DenyAnonymousAuthorizationRequirement: Requires an authenticated user." (92d7f7d3)
2023-06-10T14:07:28.2484971+02:00 0HMR9L47S7G2E:00000001 [INF] AuthenticationScheme: "Bearer" was challenged. (d45f1f38)
2023-06-10T14:07:28.2493023+02:00 0HMR9L47S7G2E:00000001 [INF] Request finished HTTP/2 POST https://localhost:7279/Song/create-with-artist-album application/json 443 - 401 0 - 24.5669ms (791a596a)
2023-06-10T14:07:29.9111085+02:00 0HMR9L47S7G2E:00000003 [INF] Request starting HTTP/2 POST https://localhost:7279/Song/create-with-artist-album application/json 443 (ca22a1cb)
2023-06-10T14:07:29.9112662+02:00 0HMR9L47S7G2E:00000003 [INF] CORS policy execution successful. (5409d6ef)
2023-06-10T14:07:29.9158637+02:00 0HMR9L47S7G2E:00000003 [INF] Authorization failed. "These requirements were not met:
DenyAnonymousAuthorizationRequirement: Requires an authenticated user." (92d7f7d3)
2023-06-10T14:07:29.9166408+02:00 0HMR9L47S7G2E:00000003 [INF] AuthenticationScheme: "Bearer" was challenged. (d45f1f38)
2023-06-10T14:07:29.9168687+02:00 0HMR9L47S7G2E:00000003 [INF] Request finished HTTP/2 POST https://localhost:7279/Song/create-with-artist-album application/json 443 - 401 0 - 5.7529ms (791a596a)
2023-06-10T14:07:34.8368635+02:00 0HMR9L47S7G2E:00000005 [INF] Request starting HTTP/2 POST https://localhost:7279/Auth/login application/json 47 (ca22a1cb)
2023-06-10T14:07:34.8369420+02:00 0HMR9L47S7G2E:00000005 [INF] CORS policy execution successful. (5409d6ef)
2023-06-10T14:07:34.8374549+02:00 0HMR9L47S7G2E:00000005 [INF] CORS policy execution failed. (09b6f179)
2023-06-10T14:07:34.8376269+02:00 0HMR9L47S7G2E:00000005 [INF] Request origin "https://localhost:7279" does not have permission to access the resource. (a03d560b)
2023-06-10T14:07:34.8395337+02:00 0HMR9L47S7G2E:00000005 [INF] Executing endpoint '"PlaySoftBeta.Controllers.AuthController.GetUser (PlaySoftBeta)"' (500cc934)
2023-06-10T14:07:34.8780316+02:00 0HMR9L47S7G2E:00000005 [INF] Route matched with "{action = \"GetUser\", controller = \"Auth\"}". Executing controller action with signature "System.Threading.Tasks.Task`1[Microsoft.AspNetCore.Mvc.ActionResult`1[PlaySoftBeta.DTOs.AuthTokenDTO]] GetUser(PlaySoftBeta.DTOs.AuthLoginInDTO)" on controller "PlaySoftBeta.Controllers.AuthController" ("PlaySoftBeta"). (122b2fdf)
2023-06-10T14:07:37.3897166+02:00 0HMR9L47S7G2E:00000005 [INF] Executed DbCommand ("103"ms) [Parameters=["@__userEmail_0='?' (Size = 4000)"], CommandType='Text', CommandTimeout='30']"
""SELECT TOP(2) [u].[UKID], [u].[email], [u].[password], [u].[username]
FROM [Users] AS [u]
WHERE [u].[email] = @__userEmail_0" (0723d8ff)
2023-06-10T14:07:37.4777293+02:00 0HMR9L47S7G2E:00000005 [INF] Executing "OkObjectResult", writing value of type '"PlaySoftBeta.DTOs.AuthTokenDTO"'. (605b4265)
2023-06-10T14:07:37.4909106+02:00 0HMR9L47S7G2E:00000005 [INF] Executed action "PlaySoftBeta.Controllers.AuthController.GetUser (PlaySoftBeta)" in 2607.0823ms (afa2e885)
2023-06-10T14:07:37.4909847+02:00 0HMR9L47S7G2E:00000005 [INF] Executed endpoint '"PlaySoftBeta.Controllers.AuthController.GetUser (PlaySoftBeta)"' (99874f2b)
2023-06-10T14:07:37.4984208+02:00 0HMR9L47S7G2E:00000005 [INF] Request finished HTTP/2 POST https://localhost:7279/Auth/login application/json 47 - 200 - application/json;+charset=utf-8 2661.5382ms (791a596a)
2023-06-10T14:07:45.7297117+02:00 0HMR9L47S7G2E:00000007 [INF] Request starting HTTP/2 POST https://localhost:7279/Song/create-with-artist-album application/json 443 (ca22a1cb)
2023-06-10T14:07:45.7297946+02:00 0HMR9L47S7G2E:00000007 [INF] CORS policy execution successful. (5409d6ef)
2023-06-10T14:07:45.7974473+02:00 0HMR9L47S7G2E:00000007 [INF] CORS policy execution failed. (09b6f179)
2023-06-10T14:07:45.7974925+02:00 0HMR9L47S7G2E:00000007 [INF] Request origin "https://localhost:7279" does not have permission to access the resource. (a03d560b)
2023-06-10T14:07:45.7975537+02:00 0HMR9L47S7G2E:00000007 [INF] Executing endpoint '"PlaySoftBeta.Controllers.SongController.AddSong (PlaySoftBeta)"' (500cc934)
2023-06-10T14:07:45.8002858+02:00 0HMR9L47S7G2E:00000007 [INF] Route matched with "{action = \"AddSong\", controller = \"Song\"}". Executing controller action with signature "System.Threading.Tasks.Task`1[Microsoft.AspNetCore.Mvc.ActionResult] AddSong(PlaySoftBeta.DTOs.SongArtistAlbumDTO)" on controller "PlaySoftBeta.Controllers.SongController" ("PlaySoftBeta"). (122b2fdf)
2023-06-10T14:07:45.8693242+02:00 0HMR9L47S7G2E:00000007 [INF] Executed DbCommand ("38"ms) [Parameters=["@__spotifyAlbumID_0='?' (Size = 4000)"], CommandType='Text', CommandTimeout='30']"
""SELECT TOP(1) [a].[albumID], [a].[albumName], [a].[image], [a].[releaseDate], [a].[spotifyAlbumID], [a].[totalTracks]
FROM [Album] AS [a]
WHERE [a].[spotifyAlbumID] = @__spotifyAlbumID_0" (0723d8ff)
2023-06-10T14:07:45.9118734+02:00 0HMR9L47S7G2E:00000007 [INF] Executed DbCommand ("37"ms) [Parameters=["@__spotifyArtistID_0='?' (Size = 4000)"], CommandType='Text', CommandTimeout='30']"
""SELECT TOP(1) [s].[songID], [s].[AlbumID], [s].[durationMs], [s].[publicationDate], [s].[songName], [s].[spotifySongID], [s].[uri]
FROM [Songs] AS [s]
WHERE [s].[spotifySongID] = @__spotifyArtistID_0" (0723d8ff)
2023-06-10T14:07:46.1280837+02:00 0HMR9L47S7G2E:00000007 [INF] Executed DbCommand ("79"ms) [Parameters=["@p0='?' (Size = 4000), @p1='?' (Size = 4000), @p2='?' (DbType = DateTime2), @p3='?' (Size = 4000), @p4='?' (DbType = Int32)"], CommandType='Text', CommandTimeout='30']"
""SET IMPLICIT_TRANSACTIONS OFF;
SET NOCOUNT ON;
INSERT INTO [Album] ([albumName], [image], [releaseDate], [spotifyAlbumID], [totalTracks])
OUTPUT INSERTED.[albumID]
VALUES (@p0, @p1, @p2, @p3, @p4);" (0723d8ff)
2023-06-10T14:07:46.2109664+02:00 0HMR9L47S7G2E:00000007 [INF] Executed DbCommand ("37"ms) [Parameters=["@__spotifyAlbumID_0='?' (Size = 4000)"], CommandType='Text', CommandTimeout='30']"
""SELECT TOP(1) [a].[albumID], [a].[albumName], [a].[image], [a].[releaseDate], [a].[spotifyAlbumID], [a].[totalTracks]
FROM [Album] AS [a]
WHERE [a].[spotifyAlbumID] = @__spotifyAlbumID_0" (0723d8ff)
2023-06-10T14:07:46.2948404+02:00 0HMR9L47S7G2E:00000007 [INF] Executed DbCommand ("43"ms) [Parameters=["@p0='?' (DbType = Int32), @p1='?' (DbType = Int32), @p2='?' (DbType = DateTime2), @p3='?' (Size = 4000), @p4='?' (Size = 4000), @p5='?' (Size = 4000)"], CommandType='Text', CommandTimeout='30']"
""SET IMPLICIT_TRANSACTIONS OFF;
SET NOCOUNT ON;
INSERT INTO [Songs] ([AlbumID], [durationMs], [publicationDate], [songName], [spotifySongID], [uri])
OUTPUT INSERTED.[songID]
VALUES (@p0, @p1, @p2, @p3, @p4, @p5);" (0723d8ff)
2023-06-10T14:07:46.3349967+02:00 0HMR9L47S7G2E:00000007 [INF] Executed DbCommand ("37"ms) [Parameters=["@__spotifyArtistID_0='?' (Size = 4000)"], CommandType='Text', CommandTimeout='30']"
""SELECT TOP(1) [s].[songID], [s].[AlbumID], [s].[durationMs], [s].[publicationDate], [s].[songName], [s].[spotifySongID], [s].[uri]
FROM [Songs] AS [s]
WHERE [s].[spotifySongID] = @__spotifyArtistID_0" (0723d8ff)
2023-06-10T14:07:46.3842451+02:00 0HMR9L47S7G2E:00000007 [INF] Executed DbCommand ("37"ms) [Parameters=["@__spotifyArtistID_0='?' (Size = 4000)"], CommandType='Text', CommandTimeout='30']"
""SELECT TOP(1) [a].[artistID], [a].[artistName], [a].[spotifyArtistID]
FROM [Artist] AS [a]
WHERE [a].[spotifyArtistID] = @__spotifyArtistID_0" (0723d8ff)
2023-06-10T14:07:46.4401380+02:00 0HMR9L47S7G2E:00000007 [INF] Executed DbCommand ("43"ms) [Parameters=["@p0='?' (Size = 4000), @p1='?' (Size = 4000)"], CommandType='Text', CommandTimeout='30']"
""SET IMPLICIT_TRANSACTIONS OFF;
SET NOCOUNT ON;
INSERT INTO [Artist] ([artistName], [spotifyArtistID])
OUTPUT INSERTED.[artistID]
VALUES (@p0, @p1);" (0723d8ff)
2023-06-10T14:07:46.4785083+02:00 0HMR9L47S7G2E:00000007 [INF] Executed DbCommand ("37"ms) [Parameters=["@__spotifyArtistID_0='?' (Size = 4000)"], CommandType='Text', CommandTimeout='30']"
""SELECT TOP(1) [a].[artistID], [a].[artistName], [a].[spotifyArtistID]
FROM [Artist] AS [a]
WHERE [a].[spotifyArtistID] = @__spotifyArtistID_0" (0723d8ff)
2023-06-10T14:07:46.5383402+02:00 0HMR9L47S7G2E:00000007 [INF] Executed DbCommand ("37"ms) [Parameters=["@__albumID_0='?' (DbType = Int32), @__artistID_1='?' (DbType = Int32)"], CommandType='Text', CommandTimeout='30']"
""SELECT CASE
    WHEN EXISTS (
        SELECT 1
        FROM [ArtistAlbums] AS [a]
        WHERE [a].[albumID] = @__albumID_0 AND [a].[artistID] = @__artistID_1) THEN CAST(1 AS bit)
    ELSE CAST(0 AS bit)
END" (0723d8ff)
2023-06-10T14:07:46.5982929+02:00 0HMR9L47S7G2E:00000007 [INF] Executed DbCommand ("43"ms) [Parameters=["@p0='?' (DbType = Int32), @p1='?' (DbType = Int32)"], CommandType='Text', CommandTimeout='30']"
""SET IMPLICIT_TRANSACTIONS OFF;
SET NOCOUNT ON;
INSERT INTO [ArtistAlbums] ([albumID], [artistID])
VALUES (@p0, @p1);" (0723d8ff)
2023-06-10T14:07:46.6386243+02:00 0HMR9L47S7G2E:00000007 [INF] Executed DbCommand ("37"ms) [Parameters=["@__songID_0='?' (DbType = Int32), @__artistID_1='?' (DbType = Int32)"], CommandType='Text', CommandTimeout='30']"
""SELECT CASE
    WHEN EXISTS (
        SELECT 1
        FROM [ArtistSongs] AS [a]
        WHERE [a].[songID] = @__songID_0 AND [a].[artistID] = @__artistID_1) THEN CAST(1 AS bit)
    ELSE CAST(0 AS bit)
END" (0723d8ff)
2023-06-10T14:07:46.6876300+02:00 0HMR9L47S7G2E:00000007 [INF] Executed DbCommand ("43"ms) [Parameters=["@p0='?' (DbType = Int32), @p1='?' (DbType = Int32)"], CommandType='Text', CommandTimeout='30']"
""SET IMPLICIT_TRANSACTIONS OFF;
SET NOCOUNT ON;
INSERT INTO [ArtistSongs] ([artistID], [songID])
VALUES (@p0, @p1);" (0723d8ff)
2023-06-10T14:07:46.6884853+02:00 0HMR9L47S7G2E:00000007 [INF] Executing "OkObjectResult", writing value of type '"System.Int32"'. (605b4265)
2023-06-10T14:07:46.6892081+02:00 0HMR9L47S7G2E:00000007 [INF] Executed action "PlaySoftBeta.Controllers.SongController.AddSong (PlaySoftBeta)" in 888.8361ms (afa2e885)
2023-06-10T14:07:46.6892740+02:00 0HMR9L47S7G2E:00000007 [INF] Executed endpoint '"PlaySoftBeta.Controllers.SongController.AddSong (PlaySoftBeta)"' (99874f2b)
2023-06-10T14:07:46.6894571+02:00 0HMR9L47S7G2E:00000007 [INF] Request finished HTTP/2 POST https://localhost:7279/Song/create-with-artist-album application/json 443 - 200 - application/json;+charset=utf-8 959.7587ms (791a596a)
2023-06-10T14:07:57.9415508+02:00 0HMR9L47S7G2E:00000009 [INF] Request starting HTTP/2 POST https://localhost:7279/Song/create-with-artist-album application/json 443 (ca22a1cb)
2023-06-10T14:07:57.9416586+02:00 0HMR9L47S7G2E:00000009 [INF] CORS policy execution successful. (5409d6ef)
2023-06-10T14:07:57.9425559+02:00 0HMR9L47S7G2E:00000009 [INF] CORS policy execution failed. (09b6f179)
2023-06-10T14:07:57.9426068+02:00 0HMR9L47S7G2E:00000009 [INF] Request origin "https://localhost:7279" does not have permission to access the resource. (a03d560b)
2023-06-10T14:07:57.9426471+02:00 0HMR9L47S7G2E:00000009 [INF] Executing endpoint '"PlaySoftBeta.Controllers.SongController.AddSong (PlaySoftBeta)"' (500cc934)
2023-06-10T14:07:57.9427317+02:00 0HMR9L47S7G2E:00000009 [INF] Route matched with "{action = \"AddSong\", controller = \"Song\"}". Executing controller action with signature "System.Threading.Tasks.Task`1[Microsoft.AspNetCore.Mvc.ActionResult] AddSong(PlaySoftBeta.DTOs.SongArtistAlbumDTO)" on controller "PlaySoftBeta.Controllers.SongController" ("PlaySoftBeta"). (122b2fdf)
2023-06-10T14:07:58.0367366+02:00 0HMR9L47S7G2E:00000009 [INF] Executed DbCommand ("37"ms) [Parameters=["@__spotifyAlbumID_0='?' (Size = 4000)"], CommandType='Text', CommandTimeout='30']"
""SELECT TOP(1) [a].[albumID], [a].[albumName], [a].[image], [a].[releaseDate], [a].[spotifyAlbumID], [a].[totalTracks]
FROM [Album] AS [a]
WHERE [a].[spotifyAlbumID] = @__spotifyAlbumID_0" (0723d8ff)
2023-06-10T14:07:58.0759716+02:00 0HMR9L47S7G2E:00000009 [INF] Executed DbCommand ("37"ms) [Parameters=["@__spotifyArtistID_0='?' (Size = 4000)"], CommandType='Text', CommandTimeout='30']"
""SELECT TOP(1) [s].[songID], [s].[AlbumID], [s].[durationMs], [s].[publicationDate], [s].[songName], [s].[spotifySongID], [s].[uri]
FROM [Songs] AS [s]
WHERE [s].[spotifySongID] = @__spotifyArtistID_0" (0723d8ff)
2023-06-10T14:07:58.1207444+02:00 0HMR9L47S7G2E:00000009 [INF] Executed DbCommand ("43"ms) [Parameters=["@p0='?' (DbType = Int32), @p1='?' (DbType = Int32), @p2='?' (DbType = DateTime2), @p3='?' (Size = 4000), @p4='?' (Size = 4000), @p5='?' (Size = 4000)"], CommandType='Text', CommandTimeout='30']"
""SET IMPLICIT_TRANSACTIONS OFF;
SET NOCOUNT ON;
INSERT INTO [Songs] ([AlbumID], [durationMs], [publicationDate], [songName], [spotifySongID], [uri])
OUTPUT INSERTED.[songID]
VALUES (@p0, @p1, @p2, @p3, @p4, @p5);" (0723d8ff)
2023-06-10T14:07:58.1577399+02:00 0HMR9L47S7G2E:00000009 [INF] Executed DbCommand ("36"ms) [Parameters=["@__spotifyArtistID_0='?' (Size = 4000)"], CommandType='Text', CommandTimeout='30']"
""SELECT TOP(1) [s].[songID], [s].[AlbumID], [s].[durationMs], [s].[publicationDate], [s].[songName], [s].[spotifySongID], [s].[uri]
FROM [Songs] AS [s]
WHERE [s].[spotifySongID] = @__spotifyArtistID_0" (0723d8ff)
2023-06-10T14:07:58.1951849+02:00 0HMR9L47S7G2E:00000009 [INF] Executed DbCommand ("37"ms) [Parameters=["@__spotifyArtistID_0='?' (Size = 4000)"], CommandType='Text', CommandTimeout='30']"
""SELECT TOP(1) [a].[artistID], [a].[artistName], [a].[spotifyArtistID]
FROM [Artist] AS [a]
WHERE [a].[spotifyArtistID] = @__spotifyArtistID_0" (0723d8ff)
2023-06-10T14:07:58.2327105+02:00 0HMR9L47S7G2E:00000009 [INF] Executed DbCommand ("37"ms) [Parameters=["@__spotifyArtistID_0='?' (Size = 4000)"], CommandType='Text', CommandTimeout='30']"
""SELECT TOP(1) [a].[artistID], [a].[artistName], [a].[spotifyArtistID]
FROM [Artist] AS [a]
WHERE [a].[spotifyArtistID] = @__spotifyArtistID_0" (0723d8ff)
2023-06-10T14:07:58.2697837+02:00 0HMR9L47S7G2E:00000009 [INF] Executed DbCommand ("36"ms) [Parameters=["@__albumID_0='?' (DbType = Int32), @__artistID_1='?' (DbType = Int32)"], CommandType='Text', CommandTimeout='30']"
""SELECT CASE
    WHEN EXISTS (
        SELECT 1
        FROM [ArtistAlbums] AS [a]
        WHERE [a].[albumID] = @__albumID_0 AND [a].[artistID] = @__artistID_1) THEN CAST(1 AS bit)
    ELSE CAST(0 AS bit)
END" (0723d8ff)
2023-06-10T14:07:58.3072757+02:00 0HMR9L47S7G2E:00000009 [INF] Executed DbCommand ("37"ms) [Parameters=["@__songID_0='?' (DbType = Int32), @__artistID_1='?' (DbType = Int32)"], CommandType='Text', CommandTimeout='30']"
""SELECT CASE
    WHEN EXISTS (
        SELECT 1
        FROM [ArtistSongs] AS [a]
        WHERE [a].[songID] = @__songID_0 AND [a].[artistID] = @__artistID_1) THEN CAST(1 AS bit)
    ELSE CAST(0 AS bit)
END" (0723d8ff)
2023-06-10T14:07:58.3509151+02:00 0HMR9L47S7G2E:00000009 [INF] Executed DbCommand ("43"ms) [Parameters=["@p0='?' (DbType = Int32), @p1='?' (DbType = Int32)"], CommandType='Text', CommandTimeout='30']"
""SET IMPLICIT_TRANSACTIONS OFF;
SET NOCOUNT ON;
INSERT INTO [ArtistSongs] ([artistID], [songID])
VALUES (@p0, @p1);" (0723d8ff)
2023-06-10T14:07:58.3511369+02:00 0HMR9L47S7G2E:00000009 [INF] Executing "OkObjectResult", writing value of type '"System.Int32"'. (605b4265)
2023-06-10T14:07:58.3513030+02:00 0HMR9L47S7G2E:00000009 [INF] Executed action "PlaySoftBeta.Controllers.SongController.AddSong (PlaySoftBeta)" in 408.5358ms (afa2e885)
2023-06-10T14:07:58.3513454+02:00 0HMR9L47S7G2E:00000009 [INF] Executed endpoint '"PlaySoftBeta.Controllers.SongController.AddSong (PlaySoftBeta)"' (99874f2b)
2023-06-10T14:07:58.3514553+02:00 0HMR9L47S7G2E:00000009 [INF] Request finished HTTP/2 POST https://localhost:7279/Song/create-with-artist-album application/json 443 - 200 - application/json;+charset=utf-8 409.9177ms (791a596a)
2023-06-10T14:08:47.8819191+02:00  [INF] Application is shutting down... (90f52c38)
